May 02, 2026 10:51:51 PM com.google.cloud.datastore.emulator.firestore.websocket.WebSocketServer start
INFO: Started WebSocket server on ws://127.0.0.1:9150

API endpoint: http://127.0.0.1:8080
Database Edition: STANDARD
Database Mode: CLOUD_FIRESTORE

If you are using a library that supports the FIRESTORE_EMULATOR_HOST environment variable, run:

   export FIRESTORE_EMULATOR_HOST=127.0.0.1:8080

If you are running a Firestore in Datastore Mode project, run:

   export DATASTORE_EMULATOR_HOST=127.0.0.1:8080

Note: Support for Datastore Mode is in preview. If you encounter any bugs please file at https://github.com/firebase/firebase-tools/issues.
Dev App Server is now running.

May 02, 2026 10:52:53 PM io.gapi.emulators.netty.HttpVersionRoutingHandler channelRead
INFO: Detected non-HTTP/2 connection.
May 02, 2026 10:52:54 PM io.gapi.emulators.netty.NotFoundHandler handleRequest
INFO: Unknown request URI: /api/auth/login
May 02, 2026 10:52:58 PM io.gapi.emulators.netty.HttpVersionRoutingHandler channelRead
INFO: Detected non-HTTP/2 connection.
May 02, 2026 10:52:58 PM io.gapi.emulators.netty.NotFoundHandler handleRequest
INFO: Unknown request URI: /admin/events
May 02, 2026 10:52:58 PM io.gapi.emulators.netty.NotFoundHandler handleRequest
INFO: Unknown request URI: /admin/events
May 02, 2026 10:52:58 PM io.gapi.emulators.netty.NotFoundHandler handleRequest
INFO: Unknown request URI: /admin/announcements
May 02, 2026 10:52:58 PM io.gapi.emulators.netty.NotFoundHandler handleRequest
INFO: Unknown request URI: /admin/announcements
May 02, 2026 10:53:01 PM io.gapi.emulators.netty.NotFoundHandler handleRequest
INFO: Unknown request URI: /admin/announcements
May 02, 2026 10:53:01 PM io.gapi.emulators.netty.NotFoundHandler handleRequest
INFO: Unknown request URI: /admin/events
May 02, 2026 10:53:01 PM io.gapi.emulators.netty.HttpVersionRoutingHandler channelRead
INFO: Detected non-HTTP/2 connection.
May 02, 2026 10:53:01 PM io.gapi.emulators.netty.NotFoundHandler handleRequest
INFO: Unknown request URI: /admin/events
May 02, 2026 10:53:01 PM io.gapi.emulators.netty.NotFoundHandler handleRequest
INFO: Unknown request URI: /admin/announcements
May 02, 2026 10:53:10 PM io.gapi.emulators.netty.NotFoundHandler handleRequest
INFO: Unknown request URI: /admin/events
May 02, 2026 10:53:10 PM io.gapi.emulators.netty.NotFoundHandler handleRequest
INFO: Unknown request URI: /admin/events
May 02, 2026 10:53:13 PM io.gapi.emulators.netty.NotFoundHandler handleRequest
INFO: Unknown request URI: /admin/events
May 02, 2026 10:53:13 PM io.gapi.emulators.netty.NotFoundHandler handleRequest
INFO: Unknown request URI: /admin/events
May 02, 2026 10:53:13 PM io.gapi.emulators.netty.NotFoundHandler handleRequest
INFO: Unknown request URI: /admin/events
May 02, 2026 10:53:13 PM io.gapi.emulators.netty.NotFoundHandler handleRequest
INFO: Unknown request URI: /admin/events
May 02, 2026 10:53:17 PM io.gapi.emulators.netty.HttpVersionRoutingHandler channelRead
INFO: Detected non-HTTP/2 connection.
May 02, 2026 10:53:17 PM io.gapi.emulators.netty.NotFoundHandler handleRequest
INFO: Unknown request URI: /admin/events
May 02, 2026 10:53:17 PM io.gapi.emulators.netty.NotFoundHandler handleRequest
INFO: Unknown request URI: /admin/events
May 02, 2026 10:53:17 PM io.gapi.emulators.netty.NotFoundHandler handleRequest
INFO: Unknown request URI: /admin/events
May 02, 2026 10:53:17 PM io.gapi.emulators.netty.NotFoundHandler handleRequest
INFO: Unknown request URI: /admin/events
May 02, 2026 10:53:19 PM io.gapi.emulators.netty.NotFoundHandler handleRequest
INFO: Unknown request URI: /admin/announcements
May 02, 2026 10:53:19 PM io.gapi.emulators.netty.NotFoundHandler handleRequest
INFO: Unknown request URI: /admin/announcements
May 02, 2026 10:53:19 PM io.gapi.emulators.netty.NotFoundHandler handleRequest
INFO: Unknown request URI: /admin/announcements
May 02, 2026 10:53:19 PM io.gapi.emulators.netty.NotFoundHandler handleRequest
INFO: Unknown request URI: /admin/announcements
May 02, 2026 10:53:20 PM io.gapi.emulators.netty.NotFoundHandler handleRequest
INFO: Unknown request URI: /admin/research
May 02, 2026 10:53:20 PM io.gapi.emulators.netty.NotFoundHandler handleRequest
INFO: Unknown request URI: /admin/research
May 02, 2026 10:53:20 PM io.gapi.emulators.netty.NotFoundHandler handleRequest
INFO: Unknown request URI: /admin/research
May 02, 2026 10:53:20 PM io.gapi.emulators.netty.NotFoundHandler handleRequest
INFO: Unknown request URI: /admin/research
May 02, 2026 10:53:20 PM io.gapi.emulators.netty.NotFoundHandler handleRequest
INFO: Unknown request URI: /api/admin/users/admins
May 02, 2026 10:53:20 PM io.gapi.emulators.netty.NotFoundHandler handleRequest
INFO: Unknown request URI: /api/admin/users/admins
May 02, 2026 10:53:23 PM io.gapi.emulators.netty.NotFoundHandler handleRequest
INFO: Unknown request URI: /api/admin/users/admins
May 02, 2026 10:53:23 PM io.gapi.emulators.netty.NotFoundHandler handleRequest
INFO: Unknown request URI: /api/admin/users/admins
May 02, 2026 10:53:26 PM io.gapi.emulators.netty.NotFoundHandler handleRequest
INFO: Unknown request URI: /api/auth/login
May 02, 2026 10:53:40 PM io.gapi.emulators.netty.NotFoundHandler handleRequest
INFO: Unknown request URI: /api/auth/login
May 02, 2026 10:53:41 PM io.gapi.emulators.netty.NotFoundHandler handleRequest
INFO: Unknown request URI: /admin/announcements
May 02, 2026 10:53:41 PM io.gapi.emulators.netty.NotFoundHandler handleRequest
INFO: Unknown request URI: /admin/announcements
May 02, 2026 10:53:43 PM io.gapi.emulators.netty.NotFoundHandler handleRequest
INFO: Unknown request URI: /admin/announcements
May 02, 2026 10:53:43 PM io.gapi.emulators.netty.NotFoundHandler handleRequest
INFO: Unknown request URI: /admin/announcements
May 02, 2026 10:58:53 PM io.gapi.emulators.netty.HttpVersionRoutingHandler channelRead
INFO: Detected non-HTTP/2 connection.
May 02, 2026 10:58:53 PM io.gapi.emulators.netty.HttpVersionRoutingHandler channelRead
INFO: Detected non-HTTP/2 connection.
May 02, 2026 10:58:53 PM io.gapi.emulators.netty.NotFoundHandler handleRequest
INFO: Unknown request URI: /admin/announcements
May 02, 2026 10:58:53 PM io.gapi.emulators.netty.NotFoundHandler handleRequest
INFO: Unknown request URI: /admin/announcements
